__init:
    iloadc 0
    istoreg 0
    iloadc 1
    istoreg 1
    return

foo:
    esr 2


    iloadc 2
    istore 0
    iload_0
    istore 1
    isrg
    iload_0
    jsre 0
    isrg
    iloadc 0
    jsre 1
    isrg
    iload_1
    jsre 0
    isrg
    iloadc 0
    jsre 1
    isrg
    iloadg 1
    jsre 0
    isrg
    iloadc 0
    jsre 1
    return

bar:
    esr 1

    iloadg 0
    iloadc 0
    iadd
    istore 0
    isrg
    iload_0
    jsre 0
    isrg
    iloadc 0
    jsre 1
    return

baz:
    esr 2


    iloadg 1
    istore 0
    iloadc 3
    istore 1
    isrg
    iload_0
    jsre 0
    isrg
    iloadc 0
    jsre 1
    return

main:
    isrg
    jsr 0 foo
    isrg
    jsr 0 bar
    isrg
    iloadg 0
    jsre 0
    isrg
    iloadc 0
    jsre 1
    isrg
    jsr 0 baz
    isrg
    iloadg 1
    jsre 0
    isrg
    iloadc 0
    jsre 1
    iloadc 4
    ireturn

.const int 1
.const int 10
.const int 3
.const int 5
.const int 0
.exportfun "__init" void __init
.exportfun "main" int main
.global int
.global int
.importfun "printInt" void int
.importfun "printNewlines" void int
